Parser Characterization Report:
Number of states on ingress: 4

Number of matches on ingress: 6

Longest path (4 states) on ingress:
    $entry_point
    start
    start_0
    parse_ip

Timing is met for min-sized packet (73 B) running at 100 Gbps

Extractor usage:
+--------------+------------+-------+--------+--------+------------------+-------+
|State         |Match       |8-bit  |16-bit  |32-bit  |Total Extractors  |Other  |
+--------------+------------+-------+--------+--------+------------------+-------+
|$entry_point  |*           |0      |0       |0       |0                 |       |
|start         |0b1*******  |0      |0       |0       |0                 |       |
|-             |0b0*******  |0      |0       |0       |0                 |       |
|start_0       |0x0800      |3      |4       |1       |8                 |       |
|-             |0x****      |3      |4       |1       |8                 |       |
|parse_ip      |*           |2      |2       |4       |8                 |       |
+--------------+------------+-------+--------+--------+------------------+-------+
Number of states on egress: 1

Number of matches on egress: 1

Longest path (1 states) on egress:
    $entry_point.start

Timing is met for min-sized packet (73 B) running at 100 Gbps

Extractor usage:
+--------------------+-------+-------+--------+--------+------------------+-------+
|State               |Match  |8-bit  |16-bit  |32-bit  |Total Extractors  |Other  |
+--------------------+-------+-------+--------+--------+------------------+-------+
|$entry_point.start  |*      |0      |1       |0       |1                 |       |
+--------------------+-------+-------+--------+--------+------------------+-------+
