+---------------------------------------------------------------------+
|  Log file: pa.characterize.log                                      |
|  Compiler version: 9.1.0                                            |
|  Created on: Tue Jul 14 18:08:54 2020                               |
|  Run ID: d9ff36a850879690                                           |
+---------------------------------------------------------------------+

Program: netassay_v3.p4

--------------------------------------------------------------------------------------------------------------------------------------------------
| Container |  Gress  |                        Name                        | Class |  | P | 0 | 1 | 2 | 3 | 4 | 5 | 6 | 7 | 8 | 9 | 10 | 11 | D |
--------------------------------------------------------------------------------------------------------------------------------------------------
|    phv0   | ingress |                                                    |       |  |   |   |   |   |   |   |   |   |   |   |   |    |    |   |
|   [31:0]  | ingress |             ingress::p.ipv4.src[31:0]              |  pkt  |  | W | ~ | ~ | ~ | ~ | ~ | ~ | ~ | ~ | ~ | ~ | ~  | ~  | R |
|    phv1   | ingress |                                                    |       |  |   |   |   |   |   |   |   |   |   |   |   |    |    |   |
|   [31:0]  | ingress |           ingress::p.dns_ip.rdata[31:0]            |  pkt  |  | W |   |   |   |   |   |   |   |   |   |   |    |    |   |
|    phv2   | ingress |                                                    |       |  |   |   |   |   |   |   |   |   |   |   |   |    |    |   |
|   [31:0]  | ingress |             ingress::p.ipv4.dst[31:0]              |  pkt  |  | W | ~ | ~ | ~ | ~ | ~ | ~ | ~ | ~ | ~ | ~ | ~  | ~  | R |
|    phv3   | ingress |                                                    |       |  |   |   |   |   |   |   |   |   |   |   |   |    |    |   |
|   [31:0]  | ingress |         ingress::ig_md.domain_id_dns[31:0]         |  meta |  | W |   |   |   |   |   |   |   |   |   |   |    |    |   |
|    phv4   | ingress |                                                    | OL,SH |  |   |   |   |   |   |   |   |   |   |   |   |    |    |   |
|   [31:0]  | ingress |           ingress::p.q4_part4.part[31:0]           |  pkt  |  | W |   |   |   |   |   |   |   |   |   |   |    |    |   |
|   [31:0]  | ingress |             ingress::domain_id_0[31:0]             |  meta |  | W |   |   |   |   |   |   |   |   |   |   |    |    |   |
|    phv5   | ingress |                                                    | OL,SH |  |   |   |   |   |   |   |   |   |   |   |   |    |    |   |
|   [31:0]  | ingress |          ingress::p.q4_part8_1.part[31:0]          |  pkt  |  | W |   |   |   |   |   |   |   |   |   |   |    |    |   |
|   [17:0]  | ingress |         ingress::ig_md.index_1_dns[31:14]          |  meta |  | W |   |   |   |   |   |   |   |   |   |   |    |    |   |
|    phv6   | ingress |                                                    | OL,SH |  |   |   |   |   |   |   |   |   |   |   |   |    |    |   |
|   [31:0]  | ingress |          ingress::p.q4_part8_2.part[31:0]          |  pkt  |  | W |   |   |   |   |   |   |   |   |   |   |    |    |   |
|   [17:0]  | ingress |         ingress::ig_md.index_2_dns[31:14]          |  meta |  | W |   |   |   |   |   |   |   |   |   |   |    |    |   |
|    phv7   | ingress |                                                    |       |  |   |   |   |   |   |   |   |   |   |   |   |    |    |   |
|   [31:0]  | ingress |           ingress::p.q3_part4.part[31:0]           |  pkt  |  | W |   |   |   |   |   |   |   |   |   |   |    |    |   |
|    phv8   | ingress |                                                    |       |  |   |   |   |   |   |   |   |   |   |   |   |    |    |   |
|   [31:0]  | ingress |          ingress::p.q3_part8_1.part[31:0]          |  pkt  |  | W |   |   |   |   |   |   |   |   |   |   |    |    |   |
|    phv9   | ingress |                                                    |       |  |   |   |   |   |   |   |   |   |   |   |   |    |    |   |
|   [31:0]  | ingress |          ingress::p.q3_part8_2.part[31:0]          |  pkt  |  | W |   |   |   |   |   |   |   |   |   |   |    |    |   |
|   phv10   | ingress |                                                    |       |  |   |   |   |   |   |   |   |   |   |   |   |    |    |   |
|   [31:0]  | ingress |           ingress::p.q2_part4.part[31:0]           |  pkt  |  | W |   |   |   |   |   |   |   |   |   |   |    |    |   |
|   phv11   | ingress |                                                    |       |  |   |   |   |   |   |   |   |   |   |   |   |    |    |   |
|   [31:0]  | ingress |          ingress::p.q2_part8_1.part[31:0]          |  pkt  |  | W |   |   |   |   |   |   |   |   |   |   |    |    |   |
|   phv12   | ingress |                                                    |       |  |   |   |   |   |   |   |   |   |   |   |   |    |    |   |
|   [31:0]  | ingress |          ingress::p.q2_part8_2.part[31:0]          |  pkt  |  | W |   |   |   |   |   |   |   |   |   |   |    |    |   |
|   phv13   | ingress |                                                    |       |  |   |   |   |   |   |   |   |   |   |   |   |    |    |   |
|   [31:0]  | ingress |           ingress::p.q1_part4.part[31:0]           |  pkt  |  | W |   |   |   |   |   |   |   |   |   |   |    |    |   |
|   phv14   | ingress |                                                    |       |  |   |   |   |   |   |   |   |   |   |   |   |    |    |   |
|   [31:0]  | ingress |          ingress::p.q1_part8_1.part[31:0]          |  pkt  |  | W |   |   |   |   |   |   |   |   |   |   |    |    |   |
|   phv15   | ingress |                                                    |       |  |   |   |   |   |   |   |   |   |   |   |   |    |    |   |
|   [31:0]  | ingress |          ingress::p.q1_part8_2.part[31:0]          |  pkt  |  | W |   |   |   |   |   |   |   |   |   |   |    |    |   |
|   phv16   |    -    |                                                    |       |  |   |   |   |   |   |   |   |   |   |   |   |    |    |   |
|   phv17   |    -    |                                                    |       |  |   |   |   |   |   |   |   |   |   |   |   |    |    |   |
|   phv18   |    -    |                                                    |       |  |   |   |   |   |   |   |   |   |   |   |   |    |    |   |
|   phv19   |    -    |                                                    |       |  |   |   |   |   |   |   |   |   |   |   |   |    |    |   |
|   phv20   |    -    |                                                    |       |  |   |   |   |   |   |   |   |   |   |   |   |    |    |   |
|   phv21   |    -    |                                                    |       |  |   |   |   |   |   |   |   |   |   |   |   |    |    |   |
|   phv22   |    -    |                                                    |       |  |   |   |   |   |   |   |   |   |   |   |   |    |    |   |
|   phv23   |    -    |                                                    |       |  |   |   |   |   |   |   |   |   |   |   |   |    |    |   |
|   phv24   |    -    |                                                    |       |  |   |   |   |   |   |   |   |   |   |   |   |    |    |   |
|   phv25   |    -    |                                                    |       |  |   |   |   |   |   |   |   |   |   |   |   |    |    |   |
|   phv26   |    -    |                                                    |       |  |   |   |   |   |   |   |   |   |   |   |   |    |    |   |
|   phv27   |    -    |                                                    |       |  |   |   |   |   |   |   |   |   |   |   |   |    |    |   |
|   phv28   |    -    |                                                    |       |  |   |   |   |   |   |   |   |   |   |   |   |    |    |   |
|   phv29   |    -    |                                                    |       |  |   |   |   |   |   |   |   |   |   |   |   |    |    |   |
|   phv30   |    -    |                                                    |       |  |   |   |   |   |   |   |   |   |   |   |   |    |    |   |
|   phv31   |    -    |                                                    |       |  |   |   |   |   |   |   |   |   |   |   |   |    |    |   |
|   phv32   |    -    |                                                    |       |  |   |   |   |   |   |   |   |   |   |   |   |    |    |   |
|   phv33   |    -    |                                                    |       |  |   |   |   |   |   |   |   |   |   |   |   |    |    |   |
|   phv34   |    -    |                                                    |       |  |   |   |   |   |   |   |   |   |   |   |   |    |    |   |
|   phv35   |    -    |                                                    |       |  |   |   |   |   |   |   |   |   |   |   |   |    |    |   |
|   phv36   |    -    |                                                    |       |  |   |   |   |   |   |   |   |   |   |   |   |    |    |   |
|   phv37   |    -    |                                                    |       |  |   |   |   |   |   |   |   |   |   |   |   |    |    |   |
|   phv38   |    -    |                                                    |       |  |   |   |   |   |   |   |   |   |   |   |   |    |    |   |
|   phv39   |    -    |                                                    |       |  |   |   |   |   |   |   |   |   |   |   |   |    |    |   |
|   phv40   |    -    |                                                    |       |  |   |   |   |   |   |   |   |   |   |   |   |    |    |   |
|   phv41   |    -    |                                                    |       |  |   |   |   |   |   |   |   |   |   |   |   |    |    |   |
|   phv42   |    -    |                                                    |       |  |   |   |   |   |   |   |   |   |   |   |   |    |    |   |
|   phv43   |    -    |                                                    |       |  |   |   |   |   |   |   |   |   |   |   |   |    |    |   |
|   phv44   |    -    |                                                    |       |  |   |   |   |   |   |   |   |   |   |   |   |    |    |   |
|   phv45   |    -    |                                                    |       |  |   |   |   |   |   |   |   |   |   |   |   |    |    |   |
|   phv46   |    -    |                                                    |       |  |   |   |   |   |   |   |   |   |   |   |   |    |    |   |
|   phv47   |    -    |                                                    |       |  |   |   |   |   |   |   |   |   |   |   |   |    |    |   |
|   phv48   |    -    |                                                    |       |  |   |   |   |   |   |   |   |   |   |   |   |    |    |   |
|   phv49   |    -    |                                                    |       |  |   |   |   |   |   |   |   |   |   |   |   |    |    |   |
|   phv50   |    -    |                                                    |       |  |   |   |   |   |   |   |   |   |   |   |   |    |    |   |
|   phv51   |    -    |                                                    |       |  |   |   |   |   |   |   |   |   |   |   |   |    |    |   |
|   phv52   |    -    |                                                    |       |  |   |   |   |   |   |   |   |   |   |   |   |    |    |   |
|   phv53   |    -    |                                                    |       |  |   |   |   |   |   |   |   |   |   |   |   |    |    |   |
|   phv54   |    -    |                                                    |       |  |   |   |   |   |   |   |   |   |   |   |   |    |    |   |
|   phv55   |    -    |                                                    |       |  |   |   |   |   |   |   |   |   |   |   |   |    |    |   |
|   phv56   |    -    |                                                    |       |  |   |   |   |   |   |   |   |   |   |   |   |    |    |   |
|   phv57   |    -    |                                                    |       |  |   |   |   |   |   |   |   |   |   |   |   |    |    |   |
|   phv58   |    -    |                                                    |       |  |   |   |   |   |   |   |   |   |   |   |   |    |    |   |
|   phv59   |    -    |                                                    |       |  |   |   |   |   |   |   |   |   |   |   |   |    |    |   |
|   phv60   |    -    |                                                    |       |  |   |   |   |   |   |   |   |   |   |   |   |    |    |   |
|   phv61   |    -    |                                                    |       |  |   |   |   |   |   |   |   |   |   |   |   |    |    |   |
|   phv62   |    -    |                                                    |       |  |   |   |   |   |   |   |   |   |   |   |   |    |    |   |
|   phv63   |    -    |                                                    |       |  |   |   |   |   |   |   |   |   |   |   |   |    |    |   |
|           |         |                                                    |       |  |   |   |   |   |   |   |   |   |   |   |   |    |    |   |
|   phv64   | ingress |                                                    |       |  |   |   |   |   |   |   |   |   |   |   |   |    |    |   |
|    [2:0]  | ingress |  ingress::ig_intr_md_for_dprsr.resubmit_type[2:0]  | imeta |  |   |   |   |   |   |   |   |   |   |   |   |    |    | R |
|   phv65   | ingress |                                                    | OL,SH |  |   |   |   |   |   |   |   |   |   |   |   |    |    |   |
|    [6:5]  | ingress |              ingress::index_3[31:30]               |  meta |  | W |   |   |   |   |   |   |   |   |   |   |    |    |   |
|    [4:3]  | ingress |              ingress::index_0[31:30]               |  meta |  | W |   |   |   |   |   |   |   |   |   |   |    |    |   |
|    [3:3]  | ingress |         ingress::ig_md.matched_domain[0:0]         |  meta |  | W |   |   |   |   |   |   |   |   |   |   |    |    |   |
|    [2:2]  | ingress |             ingress::p.udp.$valid[0:0]             |  pov  |  | W | ~ | ~ | ~ | ~ | ~ | ~ | ~ | ~ | ~ | ~ | ~  | ~  | R |
|    [1:1]  | ingress |            ingress::p.ipv4.$valid[0:0]             |  pov  |  | W | ~ | ~ | ~ | ~ | ~ | ~ | ~ | ~ | ~ | ~ | ~  | ~  | R |
|    [0:0]  | ingress |          ingress::p.ethernet.$valid[0:0]           |  pov  |  | W | ~ | ~ | ~ | ~ | ~ | ~ | ~ | ~ | ~ | ~ | ~  | ~  | R |
|   phv66   | ingress |                                                    | OL,SH |  |   |   |   |   |   |   |   |   |   |   |   |    |    |   |
|    [7:0]  | ingress |           ingress::p.q1_part1.part[7:0]            |  pkt  |  | W |   |   |   |   |   |   |   |   |   |   |    |    |   |
|    [0:0]  | ingress |           ingress::entry_matched_0[0:0]            |  meta |  | W |   |   |   |   |   |   |   |   |   |   |    |    |   |
|   phv67   | ingress |                                                    | OL,SH |  |   |   |   |   |   |   |   |   |   |   |   |    |    |   |
|    [7:0]  | ingress |           ingress::p.q2_part1.part[7:0]            |  pkt  |  | W |   |   |   |   |   |   |   |   |   |   |    |    |   |
|    [0:0]  | ingress |        ingress::ig_md.already_matched[0:0]         |  meta |  | W |   |   |   |   |   |   |   |   |   |   |    |    |   |
|   phv68   | ingress |                                                    | OL,SH |  |   |   |   |   |   |   |   |   |   |   |   |    |    |   |
|    [7:0]  | ingress |           ingress::p.q3_part1.part[7:0]            |  pkt  |  | W |   |   |   |   |   |   |   |   |   |   |    |    |   |
|    [0:0]  | ingress |              ingress::is_match_0[0:0]              |  meta |  | W |   |   |   |   |   |   |   |   |   |   |    |    |   |
|   phv69   | ingress |                                                    | OL,SH |  |   |   |   |   |   |   |   |   |   |   |   |    |    |   |
|    [7:0]  | ingress |           ingress::p.q4_part1.part[7:0]            |  pkt  |  | W |   |   |   |   |   |   |   |   |   |   |    |    |   |
|    [0:0]  | ingress |             ingress::timed_out_0[0:0]              |  meta |  | W |   |   |   |   |   |   |   |   |   |   |    |    |   |
|   phv70   | ingress |                                                    | OL,SH |  |   |   |   |   |   |   |   |   |   |   |   |    |    |   |
|    [6:1]  | ingress |      SwitchIngress.sip_cip_reg_1$index[13:8]       |  meta |  | W |   |   |   |   |   |   |   |   |   |   |    |    |   |
|    [0:0]  | ingress |             ingress::ig_md.is_ip[0:0]              |  meta |  | W |   |   |   |   |   |   |   |   |   |   |    |    |   |
|    [0:0]  | ingress |              ingress::is_match_1[0:0]              |  meta |  | W |   |   |   |   |   |   |   |   |   |   |    |    |   |
|   phv71   | ingress |                                                    | OL,SH |  |   |   |   |   |   |   |   |   |   |   |   |    |    |   |
|    [0:0]  | ingress |         ingress::ig_md.parsed_answer[0:0]          |  meta |  | W |   |   |   |   |   |   |   |   |   |   |    |    |   |
|    [0:0]  | ingress |             ingress::timed_out_1[0:0]              |  meta |  | W |   |   |   |   |   |   |   |   |   |   |    |    |   |
|   phv72   | ingress |                                                    |       |  |   |   |   |   |   |   |   |   |   |   |   |    |    |   |
|    [7:0]  | ingress |       SwitchIngress.sip_cip_reg_1$index[7:0]       |  meta |  | W |   |   |   |   |   |   |   |   |   |   |    |    |   |
|   phv73   |    -    |                                                    |       |  |   |   |   |   |   |   |   |   |   |   |   |    |    |   |
|   phv74   |    -    |                                                    |       |  |   |   |   |   |   |   |   |   |   |   |   |    |    |   |
|   phv75   |    -    |                                                    |       |  |   |   |   |   |   |   |   |   |   |   |   |    |    |   |
|   phv76   |    -    |                                                    |       |  |   |   |   |   |   |   |   |   |   |   |   |    |    |   |
|   phv77   |    -    |                                                    |       |  |   |   |   |   |   |   |   |   |   |   |   |    |    |   |
|   phv78   |    -    |                                                    |       |  |   |   |   |   |   |   |   |   |   |   |   |    |    |   |
|   phv79   |    -    |                                                    |       |  |   |   |   |   |   |   |   |   |   |   |   |    |    |   |
|   phv80   |    -    |                                                    |       |  |   |   |   |   |   |   |   |   |   |   |   |    |    |   |
|   phv81   |    -    |                                                    |       |  |   |   |   |   |   |   |   |   |   |   |   |    |    |   |
|   phv82   |    -    |                                                    |       |  |   |   |   |   |   |   |   |   |   |   |   |    |    |   |
|   phv83   |    -    |                                                    |       |  |   |   |   |   |   |   |   |   |   |   |   |    |    |   |
|   phv84   |    -    |                                                    |       |  |   |   |   |   |   |   |   |   |   |   |   |    |    |   |
|   phv85   |    -    |                                                    |       |  |   |   |   |   |   |   |   |   |   |   |   |    |    |   |
|   phv86   |    -    |                                                    |       |  |   |   |   |   |   |   |   |   |   |   |   |    |    |   |
|   phv87   |    -    |                                                    |       |  |   |   |   |   |   |   |   |   |   |   |   |    |    |   |
|   phv88   |    -    |                                                    |       |  |   |   |   |   |   |   |   |   |   |   |   |    |    |   |
|   phv89   |    -    |                                                    |       |  |   |   |   |   |   |   |   |   |   |   |   |    |    |   |
|   phv90   |    -    |                                                    |       |  |   |   |   |   |   |   |   |   |   |   |   |    |    |   |
|   phv91   |    -    |                                                    |       |  |   |   |   |   |   |   |   |   |   |   |   |    |    |   |
|   phv92   |    -    |                                                    |       |  |   |   |   |   |   |   |   |   |   |   |   |    |    |   |
|   phv93   |    -    |                                                    |       |  |   |   |   |   |   |   |   |   |   |   |   |    |    |   |
|   phv94   |    -    |                                                    |       |  |   |   |   |   |   |   |   |   |   |   |   |    |    |   |
|   phv95   |    -    |                                                    |       |  |   |   |   |   |   |   |   |   |   |   |   |    |    |   |
|   phv96   |    -    |                                                    |       |  |   |   |   |   |   |   |   |   |   |   |   |    |    |   |
|   phv97   |    -    |                                                    |       |  |   |   |   |   |   |   |   |   |   |   |   |    |    |   |
|   phv98   |    -    |                                                    |       |  |   |   |   |   |   |   |   |   |   |   |   |    |    |   |
|   phv99   |    -    |                                                    |       |  |   |   |   |   |   |   |   |   |   |   |   |    |    |   |
|   phv100  |    -    |                                                    |       |  |   |   |   |   |   |   |   |   |   |   |   |    |    |   |
|   phv101  |    -    |                                                    |       |  |   |   |   |   |   |   |   |   |   |   |   |    |    |   |
|   phv102  |    -    |                                                    |       |  |   |   |   |   |   |   |   |   |   |   |   |    |    |   |
|   phv103  |    -    |                                                    |       |  |   |   |   |   |   |   |   |   |   |   |   |    |    |   |
|   phv104  |    -    |                                                    |       |  |   |   |   |   |   |   |   |   |   |   |   |    |    |   |
|   phv105  |    -    |                                                    |       |  |   |   |   |   |   |   |   |   |   |   |   |    |    |   |
|   phv106  |    -    |                                                    |       |  |   |   |   |   |   |   |   |   |   |   |   |    |    |   |
|   phv107  |    -    |                                                    |       |  |   |   |   |   |   |   |   |   |   |   |   |    |    |   |
|   phv108  |    -    |                                                    |       |  |   |   |   |   |   |   |   |   |   |   |   |    |    |   |
|   phv109  |    -    |                                                    |       |  |   |   |   |   |   |   |   |   |   |   |   |    |    |   |
|   phv110  |    -    |                                                    |       |  |   |   |   |   |   |   |   |   |   |   |   |    |    |   |
|   phv111  |    -    |                                                    |       |  |   |   |   |   |   |   |   |   |   |   |   |    |    |   |
|   phv112  |    -    |                                                    |       |  |   |   |   |   |   |   |   |   |   |   |   |    |    |   |
|   phv113  |    -    |                                                    |       |  |   |   |   |   |   |   |   |   |   |   |   |    |    |   |
|   phv114  |    -    |                                                    |       |  |   |   |   |   |   |   |   |   |   |   |   |    |    |   |
|   phv115  |    -    |                                                    |       |  |   |   |   |   |   |   |   |   |   |   |   |    |    |   |
|   phv116  |    -    |                                                    |       |  |   |   |   |   |   |   |   |   |   |   |   |    |    |   |
|   phv117  |    -    |                                                    |       |  |   |   |   |   |   |   |   |   |   |   |   |    |    |   |
|   phv118  |    -    |                                                    |       |  |   |   |   |   |   |   |   |   |   |   |   |    |    |   |
|   phv119  |    -    |                                                    |       |  |   |   |   |   |   |   |   |   |   |   |   |    |    |   |
|   phv120  |    -    |                                                    |       |  |   |   |   |   |   |   |   |   |   |   |   |    |    |   |
|   phv121  |    -    |                                                    |       |  |   |   |   |   |   |   |   |   |   |   |   |    |    |   |
|   phv122  |    -    |                                                    |       |  |   |   |   |   |   |   |   |   |   |   |   |    |    |   |
|   phv123  |    -    |                                                    |       |  |   |   |   |   |   |   |   |   |   |   |   |    |    |   |
|   phv124  |    -    |                                                    |       |  |   |   |   |   |   |   |   |   |   |   |   |    |    |   |
|   phv125  |    -    |                                                    |       |  |   |   |   |   |   |   |   |   |   |   |   |    |    |   |
|   phv126  |    -    |                                                    |       |  |   |   |   |   |   |   |   |   |   |   |   |    |    |   |
|   phv127  |    -    |                                                    |       |  |   |   |   |   |   |   |   |   |   |   |   |    |    |   |
|           |         |                                                    |       |  |   |   |   |   |   |   |   |   |   |   |   |    |    |   |
|   phv128  | ingress |                                                    |       |  |   |   |   |   |   |   |   |   |   |   |   |    |    |   |
|   [15:0]  | ingress |             ingress::p.ipv4.len[15:0]              |  pkt  |  | W | ~ | ~ | ~ | ~ | ~ | ~ | ~ | ~ | ~ | ~ | ~  | ~  | R |
|   phv129  | ingress |                                                    |       |  |   |   |   |   |   |   |   |   |   |   |   |    |    |   |
|   [15:0]  | ingress | ingress::ig_intr_md_from_prsr.global_tstamp[31:16] | imeta |  | W |   |   |   |   |   |   |   |   |   |   |    |    |   |
|   phv130  | ingress |                                                    |       |  |   |   |   |   |   |   |   |   |   |   |   |    |    |   |
|   [15:0]  | ingress | ingress::ig_intr_md_from_prsr.global_tstamp[15:0]  | imeta |  | W |   |   |   |   |   |   |   |   |   |   |    |    |   |
|   phv131  | ingress |                                                    | OL,SH |  |   |   |   |   |   |   |   |   |   |   |   |    |    |   |
|   [15:15] | ingress |       ingress::ig_intr_md.resubmit_flag[0:0]       |  pkt  |  | W |   |   |   |   |   |   |   |   |   |   |    |    |   |
|   [13:0]  | ingress |          ingress::$concat_to_slice1[13:0]          |  meta |  | W |   |   |   |   |   |   |   |   |   |   |    |    |   |
|   [13:0]  | ingress |          ingress::$concat_to_slice5[13:0]          |  meta |  | W |   |   |   |   |   |   |   |   |   |   |    |    |   |
|   [13:0]  | ingress |   SwitchIngress.domain_tstamp_reg_2$index[13:0]    |  meta |  | W |   |   |   |   |   |   |   |   |   |   |    |    |   |
|   phv132  | ingress |                                                    | OL,SH |  |   |   |   |   |   |   |   |   |   |   |   |    |    |   |
|   [15:0]  | ingress |           ingress::p.q4_part2.part[15:0]           |  pkt  |  | W |   |   |   |   |   |   |   |   |   |   |    |    |   |
|   [13:0]  | ingress |          ingress::ig_md.index_1_dns[13:0]          |  meta |  | W |   |   |   |   |   |   |   |   |   |   |    |    |   |
|   phv133  | ingress |                                                    | OL,SH |  |   |   |   |   |   |   |   |   |   |   |   |    |    |   |
|   [15:0]  | ingress |           ingress::p.q3_part2.part[15:0]           |  pkt  |  | W |   |   |   |   |   |   |   |   |   |   |    |    |   |
|   [13:0]  | ingress |          ingress::$concat_to_slice3[13:0]          |  meta |  | W |   |   |   |   |   |   |   |   |   |   |    |    |   |
|   phv134  | ingress |                                                    | OL,SH |  |   |   |   |   |   |   |   |   |   |   |   |    |    |   |
|   [15:0]  | ingress |           ingress::p.q2_part2.part[15:0]           |  pkt  |  | W |   |   |   |   |   |   |   |   |   |   |    |    |   |
|   [13:0]  | ingress |          ingress::ig_md.index_2_dns[13:0]          |  meta |  | W |   |   |   |   |   |   |   |   |   |   |    |    |   |
|   phv135  | ingress |                                                    |       |  |   |   |   |   |   |   |   |   |   |   |   |    |    |   |
|   [15:0]  | ingress |           ingress::p.q1_part2.part[15:0]           |  pkt  |  | W |   |   |   |   |   |   |   |   |   |   |    |    |   |
|   phv136  | ingress |                                                    |       |  |   |   |   |   |   |   |   |   |   |   |   |    |    |   |
|   [13:0]  | ingress |               ingress::index_0[13:0]               |  meta |  | W |   |   |   |   |   |   |   |   |   |   |    |    |   |
|   phv137  | ingress |                                                    | OL,SH |  |   |   |   |   |   |   |   |   |   |   |   |    |    |   |
|   [14:14] | ingress |             ingress::ig_md.is_dns[0:0]             |  meta |  | W |   |   |   |   |   |   |   |   |   |   |    |    |   |
|   [14:14] | ingress |          ingress::sip_cip_matched_0[0:0]           |  meta |  | W |   |   |   |   |   |   |   |   |   |   |    |    |   |
|   [13:0]  | ingress |          ingress::$concat_to_slice7[13:0]          |  meta |  | W |   |   |   |   |   |   |   |   |   |   |    |    |   |
|   phv138  | ingress |                                                    |       |  |   |   |   |   |   |   |   |   |   |   |   |    |    |   |
|   [13:0]  | ingress |               ingress::index_3[13:0]               |  meta |  | W |   |   |   |   |   |   |   |   |   |   |    |    |   |
|   phv139  | ingress |                                                    |       |  |   |   |   |   |   |   |   |   |   |   |   |    |    |   |
|   [15:0]  | ingress |              ingress::index_0[29:14]               |  meta |  | W |   |   |   |   |   |   |   |   |   |   |    |    |   |
|   phv140  | ingress |                                                    |       |  |   |   |   |   |   |   |   |   |   |   |   |    |    |   |
|   [15:0]  | ingress |              ingress::index_3[29:14]               |  meta |  | W |   |   |   |   |   |   |   |   |   |   |    |    |   |
|   phv141  |    -    |                                                    |       |  |   |   |   |   |   |   |   |   |   |   |   |    |    |   |
|   phv142  |    -    |                                                    |       |  |   |   |   |   |   |   |   |   |   |   |   |    |    |   |
|   phv143  |    -    |                                                    |       |  |   |   |   |   |   |   |   |   |   |   |   |    |    |   |
|   phv144  |  egress |                                                    |       |  |   |   |   |   |   |   |   |   |   |   |   |    |    |   |
|    [8:0]  |  egress |        egress::eg_intr_md.egress_port[8:0]         |  pkt  |  | W | ~ | ~ | ~ | ~ | ~ | ~ | ~ | ~ | ~ | ~ | ~  | ~  | R |
|   phv145  |    -    |                                                    |       |  |   |   |   |   |   |   |   |   |   |   |   |    |    |   |
|   phv146  |    -    |                                                    |       |  |   |   |   |   |   |   |   |   |   |   |   |    |    |   |
|   phv147  |    -    |                                                    |       |  |   |   |   |   |   |   |   |   |   |   |   |    |    |   |
|   phv148  |    -    |                                                    |       |  |   |   |   |   |   |   |   |   |   |   |   |    |    |   |
|   phv149  |    -    |                                                    |       |  |   |   |   |   |   |   |   |   |   |   |   |    |    |   |
|   phv150  |    -    |                                                    |       |  |   |   |   |   |   |   |   |   |   |   |   |    |    |   |
|   phv151  |    -    |                                                    |       |  |   |   |   |   |   |   |   |   |   |   |   |    |    |   |
|   phv152  |    -    |                                                    |       |  |   |   |   |   |   |   |   |   |   |   |   |    |    |   |
|   phv153  |    -    |                                                    |       |  |   |   |   |   |   |   |   |   |   |   |   |    |    |   |
|   phv154  |    -    |                                                    |       |  |   |   |   |   |   |   |   |   |   |   |   |    |    |   |
|   phv155  |    -    |                                                    |       |  |   |   |   |   |   |   |   |   |   |   |   |    |    |   |
|   phv156  |    -    |                                                    |       |  |   |   |   |   |   |   |   |   |   |   |   |    |    |   |
|   phv157  |    -    |                                                    |       |  |   |   |   |   |   |   |   |   |   |   |   |    |    |   |
|   phv158  |    -    |                                                    |       |  |   |   |   |   |   |   |   |   |   |   |   |    |    |   |
|   phv159  |    -    |                                                    |       |  |   |   |   |   |   |   |   |   |   |   |   |    |    |   |
|   phv160  |    -    |                                                    |       |  |   |   |   |   |   |   |   |   |   |   |   |    |    |   |
|   phv161  |    -    |                                                    |       |  |   |   |   |   |   |   |   |   |   |   |   |    |    |   |
|   phv162  |    -    |                                                    |       |  |   |   |   |   |   |   |   |   |   |   |   |    |    |   |
|   phv163  |    -    |                                                    |       |  |   |   |   |   |   |   |   |   |   |   |   |    |    |   |
|   phv164  |    -    |                                                    |       |  |   |   |   |   |   |   |   |   |   |   |   |    |    |   |
|   phv165  |    -    |                                                    |       |  |   |   |   |   |   |   |   |   |   |   |   |    |    |   |
|   phv166  |    -    |                                                    |       |  |   |   |   |   |   |   |   |   |   |   |   |    |    |   |
|   phv167  |    -    |                                                    |       |  |   |   |   |   |   |   |   |   |   |   |   |    |    |   |
|   phv168  |    -    |                                                    |       |  |   |   |   |   |   |   |   |   |   |   |   |    |    |   |
|   phv169  |    -    |                                                    |       |  |   |   |   |   |   |   |   |   |   |   |   |    |    |   |
|   phv170  |    -    |                                                    |       |  |   |   |   |   |   |   |   |   |   |   |   |    |    |   |
|   phv171  |    -    |                                                    |       |  |   |   |   |   |   |   |   |   |   |   |   |    |    |   |
|   phv172  |    -    |                                                    |       |  |   |   |   |   |   |   |   |   |   |   |   |    |    |   |
|   phv173  |    -    |                                                    |       |  |   |   |   |   |   |   |   |   |   |   |   |    |    |   |
|   phv174  |    -    |                                                    |       |  |   |   |   |   |   |   |   |   |   |   |   |    |    |   |
|   phv175  |    -    |                                                    |       |  |   |   |   |   |   |   |   |   |   |   |   |    |    |   |
|   phv176  |    -    |                                                    |       |  |   |   |   |   |   |   |   |   |   |   |   |    |    |   |
|   phv177  |    -    |                                                    |       |  |   |   |   |   |   |   |   |   |   |   |   |    |    |   |
|   phv178  |    -    |                                                    |       |  |   |   |   |   |   |   |   |   |   |   |   |    |    |   |
|   phv179  |    -    |                                                    |       |  |   |   |   |   |   |   |   |   |   |   |   |    |    |   |
|   phv180  |    -    |                                                    |       |  |   |   |   |   |   |   |   |   |   |   |   |    |    |   |
|   phv181  |    -    |                                                    |       |  |   |   |   |   |   |   |   |   |   |   |   |    |    |   |
|   phv182  |    -    |                                                    |       |  |   |   |   |   |   |   |   |   |   |   |   |    |    |   |
|   phv183  |    -    |                                                    |       |  |   |   |   |   |   |   |   |   |   |   |   |    |    |   |
|   phv184  |    -    |                                                    |       |  |   |   |   |   |   |   |   |   |   |   |   |    |    |   |
|   phv185  |    -    |                                                    |       |  |   |   |   |   |   |   |   |   |   |   |   |    |    |   |
|   phv186  |    -    |                                                    |       |  |   |   |   |   |   |   |   |   |   |   |   |    |    |   |
|   phv187  |    -    |                                                    |       |  |   |   |   |   |   |   |   |   |   |   |   |    |    |   |
|   phv188  |    -    |                                                    |       |  |   |   |   |   |   |   |   |   |   |   |   |    |    |   |
|   phv189  |    -    |                                                    |       |  |   |   |   |   |   |   |   |   |   |   |   |    |    |   |
|   phv190  |    -    |                                                    |       |  |   |   |   |   |   |   |   |   |   |   |   |    |    |   |
|   phv191  |    -    |                                                    |       |  |   |   |   |   |   |   |   |   |   |   |   |    |    |   |
|   phv192  |    -    |                                                    |       |  |   |   |   |   |   |   |   |   |   |   |   |    |    |   |
|   phv193  |    -    |                                                    |       |  |   |   |   |   |   |   |   |   |   |   |   |    |    |   |
|   phv194  |    -    |                                                    |       |  |   |   |   |   |   |   |   |   |   |   |   |    |    |   |
|   phv195  |    -    |                                                    |       |  |   |   |   |   |   |   |   |   |   |   |   |    |    |   |
|   phv196  |    -    |                                                    |       |  |   |   |   |   |   |   |   |   |   |   |   |    |    |   |
|   phv197  |    -    |                                                    |       |  |   |   |   |   |   |   |   |   |   |   |   |    |    |   |
|   phv198  |    -    |                                                    |       |  |   |   |   |   |   |   |   |   |   |   |   |    |    |   |
|   phv199  |    -    |                                                    |       |  |   |   |   |   |   |   |   |   |   |   |   |    |    |   |
|   phv200  |    -    |                                                    |       |  |   |   |   |   |   |   |   |   |   |   |   |    |    |   |
|   phv201  |    -    |                                                    |       |  |   |   |   |   |   |   |   |   |   |   |   |    |    |   |
|   phv202  |    -    |                                                    |       |  |   |   |   |   |   |   |   |   |   |   |   |    |    |   |
|   phv203  |    -    |                                                    |       |  |   |   |   |   |   |   |   |   |   |   |   |    |    |   |
|   phv204  |    -    |                                                    |       |  |   |   |   |   |   |   |   |   |   |   |   |    |    |   |
|   phv205  |    -    |                                                    |       |  |   |   |   |   |   |   |   |   |   |   |   |    |    |   |
|   phv206  |    -    |                                                    |       |  |   |   |   |   |   |   |   |   |   |   |   |    |    |   |
|   phv207  |    -    |                                                    |       |  |   |   |   |   |   |   |   |   |   |   |   |    |    |   |
|   phv208  |    -    |                                                    |       |  |   |   |   |   |   |   |   |   |   |   |   |    |    |   |
|   phv209  |    -    |                                                    |       |  |   |   |   |   |   |   |   |   |   |   |   |    |    |   |
|   phv210  |    -    |                                                    |       |  |   |   |   |   |   |   |   |   |   |   |   |    |    |   |
|   phv211  |    -    |                                                    |       |  |   |   |   |   |   |   |   |   |   |   |   |    |    |   |
|   phv212  |    -    |                                                    |       |  |   |   |   |   |   |   |   |   |   |   |   |    |    |   |
|   phv213  |    -    |                                                    |       |  |   |   |   |   |   |   |   |   |   |   |   |    |    |   |
|   phv214  |    -    |                                                    |       |  |   |   |   |   |   |   |   |   |   |   |   |    |    |   |
|   phv215  |    -    |                                                    |       |  |   |   |   |   |   |   |   |   |   |   |   |    |    |   |
|   phv216  |    -    |                                                    |       |  |   |   |   |   |   |   |   |   |   |   |   |    |    |   |
|   phv217  |    -    |                                                    |       |  |   |   |   |   |   |   |   |   |   |   |   |    |    |   |
|   phv218  |    -    |                                                    |       |  |   |   |   |   |   |   |   |   |   |   |   |    |    |   |
|   phv219  |    -    |                                                    |       |  |   |   |   |   |   |   |   |   |   |   |   |    |    |   |
|   phv220  |    -    |                                                    |       |  |   |   |   |   |   |   |   |   |   |   |   |    |    |   |
|   phv221  |    -    |                                                    |       |  |   |   |   |   |   |   |   |   |   |   |   |    |    |   |
|   phv222  |    -    |                                                    |       |  |   |   |   |   |   |   |   |   |   |   |   |    |    |   |
|   phv223  |    -    |                                                    |       |  |   |   |   |   |   |   |   |   |   |   |   |    |    |   |
|   phv224  |    -    |                                                    |       |  |   |   |   |   |   |   |   |   |   |   |   |    |    |   |
|   phv225  |    -    |                                                    |       |  |   |   |   |   |   |   |   |   |   |   |   |    |    |   |
|   phv226  |    -    |                                                    |       |  |   |   |   |   |   |   |   |   |   |   |   |    |    |   |
|   phv227  |    -    |                                                    |       |  |   |   |   |   |   |   |   |   |   |   |   |    |    |   |
|   phv228  |    -    |                                                    |       |  |   |   |   |   |   |   |   |   |   |   |   |    |    |   |
|   phv229  |    -    |                                                    |       |  |   |   |   |   |   |   |   |   |   |   |   |    |    |   |
|   phv230  |    -    |                                                    |       |  |   |   |   |   |   |   |   |   |   |   |   |    |    |   |
|   phv231  |    -    |                                                    |       |  |   |   |   |   |   |   |   |   |   |   |   |    |    |   |
|   phv232  |    -    |                                                    |       |  |   |   |   |   |   |   |   |   |   |   |   |    |    |   |
|   phv233  |    -    |                                                    |       |  |   |   |   |   |   |   |   |   |   |   |   |    |    |   |
|   phv234  |    -    |                                                    |       |  |   |   |   |   |   |   |   |   |   |   |   |    |    |   |
|   phv235  |    -    |                                                    |       |  |   |   |   |   |   |   |   |   |   |   |   |    |    |   |
|   phv236  |    -    |                                                    |       |  |   |   |   |   |   |   |   |   |   |   |   |    |    |   |
|   phv237  |    -    |                                                    |       |  |   |   |   |   |   |   |   |   |   |   |   |    |    |   |
|   phv238  |    -    |                                                    |       |  |   |   |   |   |   |   |   |   |   |   |   |    |    |   |
|   phv239  |    -    |                                                    |       |  |   |   |   |   |   |   |   |   |   |   |   |    |    |   |
|   phv240  |    -    |                                                    |       |  |   |   |   |   |   |   |   |   |   |   |   |    |    |   |
|   phv241  |    -    |                                                    |       |  |   |   |   |   |   |   |   |   |   |   |   |    |    |   |
|   phv242  |    -    |                                                    |       |  |   |   |   |   |   |   |   |   |   |   |   |    |    |   |
|   phv243  |    -    |                                                    |       |  |   |   |   |   |   |   |   |   |   |   |   |    |    |   |
|   phv244  |    -    |                                                    |       |  |   |   |   |   |   |   |   |   |   |   |   |    |    |   |
|   phv245  |    -    |                                                    |       |  |   |   |   |   |   |   |   |   |   |   |   |    |    |   |
|   phv246  |    -    |                                                    |       |  |   |   |   |   |   |   |   |   |   |   |   |    |    |   |
|   phv247  |    -    |                                                    |       |  |   |   |   |   |   |   |   |   |   |   |   |    |    |   |
|   phv248  |    -    |                                                    |       |  |   |   |   |   |   |   |   |   |   |   |   |    |    |   |
|   phv249  |    -    |                                                    |       |  |   |   |   |   |   |   |   |   |   |   |   |    |    |   |
|   phv250  |    -    |                                                    |       |  |   |   |   |   |   |   |   |   |   |   |   |    |    |   |
|   phv251  |    -    |                                                    |       |  |   |   |   |   |   |   |   |   |   |   |   |    |    |   |
|   phv252  |    -    |                                                    |       |  |   |   |   |   |   |   |   |   |   |   |   |    |    |   |
|   phv253  |    -    |                                                    |       |  |   |   |   |   |   |   |   |   |   |   |   |    |    |   |
|   phv254  |    -    |                                                    |       |  |   |   |   |   |   |   |   |   |   |   |   |    |    |   |
|   phv255  |    -    |                                                    |       |  |   |   |   |   |   |   |   |   |   |   |   |    |    |   |
|           |         |                                                    |       |  |   |   |   |   |   |   |   |   |   |   |   |    |    |   |
|   phv256  | ingress |                                                    |   SH  |  |   |   |   |   |   |   |   |   |   |   |   |    |    |   |
|   [31:16] | ingress |              ingress::p.ipv4.id[15:0]              |  pkt  |  | W | ~ | ~ | ~ | ~ | ~ | ~ | ~ | ~ | ~ | ~ | ~  | ~  | R |
|   [15:13] | ingress |             ingress::p.ipv4.flags[2:0]             |  pkt  |  | W | ~ | ~ | ~ | ~ | ~ | ~ | ~ | ~ | ~ | ~ | ~  | ~  | R |
|   [12:0]  | ingress |             ingress::p.ipv4.frag[12:0]             |  pkt  |  | W | ~ | ~ | ~ | ~ | ~ | ~ | ~ | ~ | ~ | ~ | ~  | ~  | R |
|   phv257  | ingress |                                                    |   SH  |  |   |   |   |   |   |   |   |   |   |   |   |    |    |   |
|   [31:24] | ingress |              ingress::p.ipv4.ttl[7:0]              |  pkt  |  | W | ~ | ~ | ~ | ~ | ~ | ~ | ~ | ~ | ~ | ~ | ~  | ~  | R |
|   [23:16] | ingress |             ingress::p.ipv4.proto[7:0]             |  pkt  |  | W | ~ | ~ | ~ | ~ | ~ | ~ | ~ | ~ | ~ | ~ | ~  | ~  | R |
|   [15:0]  | ingress |            ingress::p.ipv4.chksum[15:0]            |  pkt  |  | W | ~ | ~ | ~ | ~ | ~ | ~ | ~ | ~ | ~ | ~ | ~  | ~  | R |
|   phv258  | ingress |                                                    |   SH  |  |   |   |   |   |   |   |   |   |   |   |   |    |    |   |
|   [31:16] | ingress |           ingress::p.ethernet.src[15:0]            |  pkt  |  | W | ~ | ~ | ~ | ~ | ~ | ~ | ~ | ~ | ~ | ~ | ~  | ~  | R |
|   [15:0]  | ingress |        ingress::p.ethernet.etherType[15:0]         |  pkt  |  | W | ~ | ~ | ~ | ~ | ~ | ~ | ~ | ~ | ~ | ~ | ~  | ~  | R |
|   phv259  | ingress |                                                    |   SH  |  |   |   |   |   |   |   |   |   |   |   |   |    |    |   |
|   [31:16] | ingress |             ingress::p.udp.sport[15:0]             |  pkt  |  | W | ~ | ~ | ~ | ~ | ~ | ~ | ~ | ~ | ~ | ~ | ~  | ~  | R |
|   [15:0]  | ingress |             ingress::p.udp.dport[15:0]             |  pkt  |  | W | ~ | ~ | ~ | ~ | ~ | ~ | ~ | ~ | ~ | ~ | ~  | ~  | R |
|   phv260  |    -    |                                                    |       |  |   |   |   |   |   |   |   |   |   |   |   |    |    |   |
|   phv261  |    -    |                                                    |       |  |   |   |   |   |   |   |   |   |   |   |   |    |    |   |
|   phv262  |    -    |                                                    |       |  |   |   |   |   |   |   |   |   |   |   |   |    |    |   |
|   phv263  |    -    |                                                    |       |  |   |   |   |   |   |   |   |   |   |   |   |    |    |   |
|   phv264  |    -    |                                                    |       |  |   |   |   |   |   |   |   |   |   |   |   |    |    |   |
|   phv265  |    -    |                                                    |       |  |   |   |   |   |   |   |   |   |   |   |   |    |    |   |
|   phv266  |    -    |                                                    |       |  |   |   |   |   |   |   |   |   |   |   |   |    |    |   |
|   phv267  |    -    |                                                    |       |  |   |   |   |   |   |   |   |   |   |   |   |    |    |   |
|   phv268  |    -    |                                                    |       |  |   |   |   |   |   |   |   |   |   |   |   |    |    |   |
|   phv269  |    -    |                                                    |       |  |   |   |   |   |   |   |   |   |   |   |   |    |    |   |
|   phv270  |    -    |                                                    |       |  |   |   |   |   |   |   |   |   |   |   |   |    |    |   |
|   phv271  |    -    |                                                    |       |  |   |   |   |   |   |   |   |   |   |   |   |    |    |   |
|   phv272  |    -    |                                                    |       |  |   |   |   |   |   |   |   |   |   |   |   |    |    |   |
|   phv273  |    -    |                                                    |       |  |   |   |   |   |   |   |   |   |   |   |   |    |    |   |
|   phv274  |    -    |                                                    |       |  |   |   |   |   |   |   |   |   |   |   |   |    |    |   |
|   phv275  |    -    |                                                    |       |  |   |   |   |   |   |   |   |   |   |   |   |    |    |   |
|   phv276  |    -    |                                                    |       |  |   |   |   |   |   |   |   |   |   |   |   |    |    |   |
|   phv277  |    -    |                                                    |       |  |   |   |   |   |   |   |   |   |   |   |   |    |    |   |
|   phv278  |    -    |                                                    |       |  |   |   |   |   |   |   |   |   |   |   |   |    |    |   |
|   phv279  |    -    |                                                    |       |  |   |   |   |   |   |   |   |   |   |   |   |    |    |   |
|   phv280  |    -    |                                                    |       |  |   |   |   |   |   |   |   |   |   |   |   |    |    |   |
|   phv281  |    -    |                                                    |       |  |   |   |   |   |   |   |   |   |   |   |   |    |    |   |
|   phv282  |    -    |                                                    |       |  |   |   |   |   |   |   |   |   |   |   |   |    |    |   |
|   phv283  |    -    |                                                    |       |  |   |   |   |   |   |   |   |   |   |   |   |    |    |   |
|   phv284  |    -    |                                                    |       |  |   |   |   |   |   |   |   |   |   |   |   |    |    |   |
|   phv285  |    -    |                                                    |       |  |   |   |   |   |   |   |   |   |   |   |   |    |    |   |
|   phv286  |    -    |                                                    |       |  |   |   |   |   |   |   |   |   |   |   |   |    |    |   |
|   phv287  |    -    |                                                    |       |  |   |   |   |   |   |   |   |   |   |   |   |    |    |   |
|           |         |                                                    |       |  |   |   |   |   |   |   |   |   |   |   |   |    |    |   |
|   phv288  | ingress |                                                    |       |  |   |   |   |   |   |   |   |   |   |   |   |    |    |   |
|    [7:0]  | ingress |           ingress::p.ethernet.src[23:16]           |  pkt  |  | W | ~ | ~ | ~ | ~ | ~ | ~ | ~ | ~ | ~ | ~ | ~  | ~  | R |
|   phv289  | ingress |                                                    |       |  |   |   |   |   |   |   |   |   |   |   |   |    |    |   |
|    [7:0]  | ingress |           ingress::p.ethernet.src[31:24]           |  pkt  |  | W | ~ | ~ | ~ | ~ | ~ | ~ | ~ | ~ | ~ | ~ | ~  | ~  | R |
|   phv290  | ingress |                                                    |       |  |   |   |   |   |   |   |   |   |   |   |   |    |    |   |
|    [7:0]  | ingress |           ingress::p.ethernet.src[39:32]           |  pkt  |  | W | ~ | ~ | ~ | ~ | ~ | ~ | ~ | ~ | ~ | ~ | ~  | ~  | R |
|   phv291  | ingress |                                                    |       |  |   |   |   |   |   |   |   |   |   |   |   |    |    |   |
|    [7:0]  | ingress |           ingress::p.ethernet.src[47:40]           |  pkt  |  | W | ~ | ~ | ~ | ~ | ~ | ~ | ~ | ~ | ~ | ~ | ~  | ~  | R |
|   phv292  |    -    |                                                    |       |  |   |   |   |   |   |   |   |   |   |   |   |    |    |   |
|   phv293  |    -    |                                                    |       |  |   |   |   |   |   |   |   |   |   |   |   |    |    |   |
|   phv294  |    -    |                                                    |       |  |   |   |   |   |   |   |   |   |   |   |   |    |    |   |
|   phv295  |    -    |                                                    |       |  |   |   |   |   |   |   |   |   |   |   |   |    |    |   |
|   phv296  |    -    |                                                    |       |  |   |   |   |   |   |   |   |   |   |   |   |    |    |   |
|   phv297  |    -    |                                                    |       |  |   |   |   |   |   |   |   |   |   |   |   |    |    |   |
|   phv298  |    -    |                                                    |       |  |   |   |   |   |   |   |   |   |   |   |   |    |    |   |
|   phv299  |    -    |                                                    |       |  |   |   |   |   |   |   |   |   |   |   |   |    |    |   |
|   phv300  |    -    |                                                    |       |  |   |   |   |   |   |   |   |   |   |   |   |    |    |   |
|   phv301  |    -    |                                                    |       |  |   |   |   |   |   |   |   |   |   |   |   |    |    |   |
|   phv302  |    -    |                                                    |       |  |   |   |   |   |   |   |   |   |   |   |   |    |    |   |
|   phv303  |    -    |                                                    |       |  |   |   |   |   |   |   |   |   |   |   |   |    |    |   |
|   phv304  |    -    |                                                    |       |  |   |   |   |   |   |   |   |   |   |   |   |    |    |   |
|   phv305  |    -    |                                                    |       |  |   |   |   |   |   |   |   |   |   |   |   |    |    |   |
|   phv306  |    -    |                                                    |       |  |   |   |   |   |   |   |   |   |   |   |   |    |    |   |
|   phv307  |    -    |                                                    |       |  |   |   |   |   |   |   |   |   |   |   |   |    |    |   |
|   phv308  |    -    |                                                    |       |  |   |   |   |   |   |   |   |   |   |   |   |    |    |   |
|   phv309  |    -    |                                                    |       |  |   |   |   |   |   |   |   |   |   |   |   |    |    |   |
|   phv310  |    -    |                                                    |       |  |   |   |   |   |   |   |   |   |   |   |   |    |    |   |
|   phv311  |    -    |                                                    |       |  |   |   |   |   |   |   |   |   |   |   |   |    |    |   |
|   phv312  |    -    |                                                    |       |  |   |   |   |   |   |   |   |   |   |   |   |    |    |   |
|   phv313  |    -    |                                                    |       |  |   |   |   |   |   |   |   |   |   |   |   |    |    |   |
|   phv314  |    -    |                                                    |       |  |   |   |   |   |   |   |   |   |   |   |   |    |    |   |
|   phv315  |    -    |                                                    |       |  |   |   |   |   |   |   |   |   |   |   |   |    |    |   |
|   phv316  |    -    |                                                    |       |  |   |   |   |   |   |   |   |   |   |   |   |    |    |   |
|   phv317  |    -    |                                                    |       |  |   |   |   |   |   |   |   |   |   |   |   |    |    |   |
|   phv318  |    -    |                                                    |       |  |   |   |   |   |   |   |   |   |   |   |   |    |    |   |
|   phv319  |    -    |                                                    |       |  |   |   |   |   |   |   |   |   |   |   |   |    |    |   |
|           |         |                                                    |       |  |   |   |   |   |   |   |   |   |   |   |   |    |    |   |
|   phv320  | ingress |                                                    |   SH  |  |   |   |   |   |   |   |   |   |   |   |   |    |    |   |
|   [15:12] | ingress |            ingress::p.ipv4.version[3:0]            |  pkt  |  | W | ~ | ~ | ~ | ~ | ~ | ~ | ~ | ~ | ~ | ~ | ~  | ~  | R |
|   [11:8]  | ingress |              ingress::p.ipv4.ihl[3:0]              |  pkt  |  | W | ~ | ~ | ~ | ~ | ~ | ~ | ~ | ~ | ~ | ~ | ~  | ~  | R |
|    [7:0]  | ingress |              ingress::p.ipv4.tos[7:0]              |  pkt  |  | W | ~ | ~ | ~ | ~ | ~ | ~ | ~ | ~ | ~ | ~ | ~  | ~  | R |
|   phv321  | ingress |                                                    |       |  |   |   |   |   |   |   |   |   |   |   |   |    |    |   |
|   [15:0]  | ingress |            ingress::p.udp.chksum[15:0]             |  pkt  |  | W | ~ | ~ | ~ | ~ | ~ | ~ | ~ | ~ | ~ | ~ | ~  | ~  | R |
|   phv322  | ingress |                                                    |       |  |   |   |   |   |   |   |   |   |   |   |   |    |    |   |
|   [15:0]  | ingress |              ingress::p.udp.len[15:0]              |  pkt  |  | W | ~ | ~ | ~ | ~ | ~ | ~ | ~ | ~ | ~ | ~ | ~  | ~  | R |
|   phv323  | ingress |                                                    |       |  |   |   |   |   |   |   |   |   |   |   |   |    |    |   |
|   [15:0]  | ingress | ingress::ig_intr_md_from_prsr.global_tstamp[47:32] | imeta |  | W |   |   |   |   |   |   |   |   |   |   |    |    |   |
|   phv324  | ingress |                                                    |       |  |   |   |   |   |   |   |   |   |   |   |   |    |    |   |
|   [15:0]  | ingress |           ingress::p.ethernet.dst[31:16]           |  pkt  |  | W | ~ | ~ | ~ | ~ | ~ | ~ | ~ | ~ | ~ | ~ | ~  | ~  | R |
|   phv325  | ingress |                                                    |       |  |   |   |   |   |   |   |   |   |   |   |   |    |    |   |
|   [15:0]  | ingress |           ingress::p.ethernet.dst[47:32]           |  pkt  |  | W | ~ | ~ | ~ | ~ | ~ | ~ | ~ | ~ | ~ | ~ | ~  | ~  | R |
|   phv326  | ingress |                                                    |       |  |   |   |   |   |   |   |   |   |   |   |   |    |    |   |
|   [15:0]  | ingress |           ingress::p.ethernet.dst[15:0]            |  pkt  |  | W | ~ | ~ | ~ | ~ | ~ | ~ | ~ | ~ | ~ | ~ | ~  | ~  | R |
|   phv327  |    -    |                                                    |       |  |   |   |   |   |   |   |   |   |   |   |   |    |    |   |
|   phv328  |    -    |                                                    |       |  |   |   |   |   |   |   |   |   |   |   |   |    |    |   |
|   phv329  |    -    |                                                    |       |  |   |   |   |   |   |   |   |   |   |   |   |    |    |   |
|   phv330  |    -    |                                                    |       |  |   |   |   |   |   |   |   |   |   |   |   |    |    |   |
|   phv331  |    -    |                                                    |       |  |   |   |   |   |   |   |   |   |   |   |   |    |    |   |
|   phv332  |    -    |                                                    |       |  |   |   |   |   |   |   |   |   |   |   |   |    |    |   |
|   phv333  |    -    |                                                    |       |  |   |   |   |   |   |   |   |   |   |   |   |    |    |   |
|   phv334  |    -    |                                                    |       |  |   |   |   |   |   |   |   |   |   |   |   |    |    |   |
|   phv335  |    -    |                                                    |       |  |   |   |   |   |   |   |   |   |   |   |   |    |    |   |
|   phv336  |    -    |                                                    |       |  |   |   |   |   |   |   |   |   |   |   |   |    |    |   |
|   phv337  |    -    |                                                    |       |  |   |   |   |   |   |   |   |   |   |   |   |    |    |   |
|   phv338  |    -    |                                                    |       |  |   |   |   |   |   |   |   |   |   |   |   |    |    |   |
|   phv339  |    -    |                                                    |       |  |   |   |   |   |   |   |   |   |   |   |   |    |    |   |
|   phv340  |    -    |                                                    |       |  |   |   |   |   |   |   |   |   |   |   |   |    |    |   |
|   phv341  |    -    |                                                    |       |  |   |   |   |   |   |   |   |   |   |   |   |    |    |   |
|   phv342  |    -    |                                                    |       |  |   |   |   |   |   |   |   |   |   |   |   |    |    |   |
|   phv343  |    -    |                                                    |       |  |   |   |   |   |   |   |   |   |   |   |   |    |    |   |
|   phv344  |    -    |                                                    |       |  |   |   |   |   |   |   |   |   |   |   |   |    |    |   |
|   phv345  |    -    |                                                    |       |  |   |   |   |   |   |   |   |   |   |   |   |    |    |   |
|   phv346  |    -    |                                                    |       |  |   |   |   |   |   |   |   |   |   |   |   |    |    |   |
|   phv347  |    -    |                                                    |       |  |   |   |   |   |   |   |   |   |   |   |   |    |    |   |
|   phv348  |    -    |                                                    |       |  |   |   |   |   |   |   |   |   |   |   |   |    |    |   |
|   phv349  |    -    |                                                    |       |  |   |   |   |   |   |   |   |   |   |   |   |    |    |   |
|   phv350  |    -    |                                                    |       |  |   |   |   |   |   |   |   |   |   |   |   |    |    |   |
|   phv351  |    -    |                                                    |       |  |   |   |   |   |   |   |   |   |   |   |   |    |    |   |
|   phv352  |    -    |                                                    |       |  |   |   |   |   |   |   |   |   |   |   |   |    |    |   |
|   phv353  |    -    |                                                    |       |  |   |   |   |   |   |   |   |   |   |   |   |    |    |   |
|   phv354  |    -    |                                                    |       |  |   |   |   |   |   |   |   |   |   |   |   |    |    |   |
|   phv355  |    -    |                                                    |       |  |   |   |   |   |   |   |   |   |   |   |   |    |    |   |
|   phv356  |    -    |                                                    |       |  |   |   |   |   |   |   |   |   |   |   |   |    |    |   |
|   phv357  |    -    |                                                    |       |  |   |   |   |   |   |   |   |   |   |   |   |    |    |   |
|   phv358  |    -    |                                                    |       |  |   |   |   |   |   |   |   |   |   |   |   |    |    |   |
|   phv359  |    -    |                                                    |       |  |   |   |   |   |   |   |   |   |   |   |   |    |    |   |
|   phv360  |    -    |                                                    |       |  |   |   |   |   |   |   |   |   |   |   |   |    |    |   |
|   phv361  |    -    |                                                    |       |  |   |   |   |   |   |   |   |   |   |   |   |    |    |   |
|   phv362  |    -    |                                                    |       |  |   |   |   |   |   |   |   |   |   |   |   |    |    |   |
|   phv363  |    -    |                                                    |       |  |   |   |   |   |   |   |   |   |   |   |   |    |    |   |
|   phv364  |    -    |                                                    |       |  |   |   |   |   |   |   |   |   |   |   |   |    |    |   |
|   phv365  |    -    |                                                    |       |  |   |   |   |   |   |   |   |   |   |   |   |    |    |   |
|   phv366  |    -    |                                                    |       |  |   |   |   |   |   |   |   |   |   |   |   |    |    |   |
|   phv367  |    -    |                                                    |       |  |   |   |   |   |   |   |   |   |   |   |   |    |    |   |
--------------------------------------------------------------------------------------------------------------------------------------------------


Containers used: 54
Containers with data overlayed: 15  (27.78%)
Containers shared: 20  (37.04%)

------------------------
  Legend:
------------------------
   P:     Parsed
   D:     Deparsed
   OL:    Overlay
   SH:    Shared
   pkt:   Packet data
   meta:  Metadata
   imeta: Intrinsic Metadata
   pov:   Packet Occupancy Vector bit
   R:     Read
   W:     Write
   ~:     Field is live


---------------------------------------------------------------------------------------------------------------------------------------
| Direction | Location | Fields Live | Bits Live | Header Fields Live | Header Bits Live | Metadata Fields Live | Metadata Bits Live |
---------------------------------------------------------------------------------------------------------------------------------------
|  ingress  |  Parser  | 68 (98.55%) |    1187   |    41 (100.00%)    |       849        |     27 (96.43%)      |        338         |
|  ingress  | Stage 0  | 22 (31.88%) |    339    |    19 (46.34%)     |       336        |      3 (10.71%)      |         3          |
|  ingress  | Stage 1  | 22 (31.88%) |    339    |    19 (46.34%)     |       336        |      3 (10.71%)      |         3          |
|  ingress  | Stage 2  | 22 (31.88%) |    339    |    19 (46.34%)     |       336        |      3 (10.71%)      |         3          |
|  ingress  | Stage 3  | 22 (31.88%) |    339    |    19 (46.34%)     |       336        |      3 (10.71%)      |         3          |
|  ingress  | Stage 4  | 22 (31.88%) |    339    |    19 (46.34%)     |       336        |      3 (10.71%)      |         3          |
|  ingress  | Stage 5  | 22 (31.88%) |    339    |    19 (46.34%)     |       336        |      3 (10.71%)      |         3          |
|  ingress  | Stage 6  | 22 (31.88%) |    339    |    19 (46.34%)     |       336        |      3 (10.71%)      |         3          |
|  ingress  | Stage 7  | 22 (31.88%) |    339    |    19 (46.34%)     |       336        |      3 (10.71%)      |         3          |
|  ingress  | Stage 8  | 22 (31.88%) |    339    |    19 (46.34%)     |       336        |      3 (10.71%)      |         3          |
|  ingress  | Stage 9  | 22 (31.88%) |    339    |    19 (46.34%)     |       336        |      3 (10.71%)      |         3          |
|  ingress  | Stage 10 | 22 (31.88%) |    339    |    19 (46.34%)     |       336        |      3 (10.71%)      |         3          |
|  ingress  | Stage 11 | 22 (31.88%) |    339    |    19 (46.34%)     |       336        |      3 (10.71%)      |         3          |
|  ingress  | Deparser | 23 (33.33%) |    342    |    19 (46.34%)     |       336        |      4 (14.29%)      |         6          |
|           |          |             |           |                    |                  |                      |                    |
|   egress  |  Parser  | 1 (100.00%) |     9     |    1 (100.00%)     |        9         |      0 (0.00%)       |         0          |
|   egress  | Stage 0  | 1 (100.00%) |     9     |    1 (100.00%)     |        9         |      0 (0.00%)       |         0          |
|   egress  | Stage 1  | 1 (100.00%) |     9     |    1 (100.00%)     |        9         |      0 (0.00%)       |         0          |
|   egress  | Stage 2  | 1 (100.00%) |     9     |    1 (100.00%)     |        9         |      0 (0.00%)       |         0          |
|   egress  | Stage 3  | 1 (100.00%) |     9     |    1 (100.00%)     |        9         |      0 (0.00%)       |         0          |
|   egress  | Stage 4  | 1 (100.00%) |     9     |    1 (100.00%)     |        9         |      0 (0.00%)       |         0          |
|   egress  | Stage 5  | 1 (100.00%) |     9     |    1 (100.00%)     |        9         |      0 (0.00%)       |         0          |
|   egress  | Stage 6  | 1 (100.00%) |     9     |    1 (100.00%)     |        9         |      0 (0.00%)       |         0          |
|   egress  | Stage 7  | 1 (100.00%) |     9     |    1 (100.00%)     |        9         |      0 (0.00%)       |         0          |
|   egress  | Stage 8  | 1 (100.00%) |     9     |    1 (100.00%)     |        9         |      0 (0.00%)       |         0          |
|   egress  | Stage 9  | 1 (100.00%) |     9     |    1 (100.00%)     |        9         |      0 (0.00%)       |         0          |
|   egress  | Stage 10 | 1 (100.00%) |     9     |    1 (100.00%)     |        9         |      0 (0.00%)       |         0          |
|   egress  | Stage 11 | 1 (100.00%) |     9     |    1 (100.00%)     |        9         |      0 (0.00%)       |         0          |
|   egress  | Deparser | 1 (100.00%) |     9     |    1 (100.00%)     |        9         |      0 (0.00%)       |         0          |
---------------------------------------------------------------------------------------------------------------------------------------




------------------------------------------------------------------------------------------------------------------------------------------------------------------------------------------------------------------------------
| Direction | Container |    Parser   |   Stage 0   |   Stage 1   |   Stage 2   |   Stage 3   |   Stage 4   |   Stage 5   |   Stage 6   |   Stage 7   |   Stage 8   |   Stage 9   |   Stage 10  |   Stage 11  |   Deparser  |
------------------------------------------------------------------------------------------------------------------------------------------------------------------------------------------------------------------------------
|  ingress  |    phv0   | 1 (32 bits) | 1 (32 bits) | 1 (32 bits) | 1 (32 bits) | 1 (32 bits) | 1 (32 bits) | 1 (32 bits) | 1 (32 bits) | 1 (32 bits) | 1 (32 bits) | 1 (32 bits) | 1 (32 bits) | 1 (32 bits) | 1 (32 bits) |
|  ingress  |    phv1   | 1 (32 bits) |      -      |      -      |      -      |      -      |      -      |      -      |      -      |      -      |      -      |      -      |      -      |      -      |      -      |
|  ingress  |    phv2   | 1 (32 bits) | 1 (32 bits) | 1 (32 bits) | 1 (32 bits) | 1 (32 bits) | 1 (32 bits) | 1 (32 bits) | 1 (32 bits) | 1 (32 bits) | 1 (32 bits) | 1 (32 bits) | 1 (32 bits) | 1 (32 bits) | 1 (32 bits) |
|  ingress  |    phv3   | 1 (32 bits) |      -      |      -      |      -      |      -      |      -      |      -      |      -      |      -      |      -      |      -      |      -      |      -      |      -      |
|  ingress  |    phv4   | 2 (32 bits) |      -      |      -      |      -      |      -      |      -      |      -      |      -      |      -      |      -      |      -      |      -      |      -      |      -      |
|  ingress  |    phv5   | 2 (32 bits) |      -      |      -      |      -      |      -      |      -      |      -      |      -      |      -      |      -      |      -      |      -      |      -      |      -      |
|  ingress  |    phv6   | 2 (32 bits) |      -      |      -      |      -      |      -      |      -      |      -      |      -      |      -      |      -      |      -      |      -      |      -      |      -      |
|  ingress  |    phv7   | 1 (32 bits) |      -      |      -      |      -      |      -      |      -      |      -      |      -      |      -      |      -      |      -      |      -      |      -      |      -      |
|  ingress  |    phv8   | 1 (32 bits) |      -      |      -      |      -      |      -      |      -      |      -      |      -      |      -      |      -      |      -      |      -      |      -      |      -      |
|  ingress  |    phv9   | 1 (32 bits) |      -      |      -      |      -      |      -      |      -      |      -      |      -      |      -      |      -      |      -      |      -      |      -      |      -      |
|  ingress  |   phv10   | 1 (32 bits) |      -      |      -      |      -      |      -      |      -      |      -      |      -      |      -      |      -      |      -      |      -      |      -      |      -      |
|  ingress  |   phv11   | 1 (32 bits) |      -      |      -      |      -      |      -      |      -      |      -      |      -      |      -      |      -      |      -      |      -      |      -      |      -      |
|  ingress  |   phv12   | 1 (32 bits) |      -      |      -      |      -      |      -      |      -      |      -      |      -      |      -      |      -      |      -      |      -      |      -      |      -      |
|  ingress  |   phv13   | 1 (32 bits) |      -      |      -      |      -      |      -      |      -      |      -      |      -      |      -      |      -      |      -      |      -      |      -      |      -      |
|  ingress  |   phv14   | 1 (32 bits) |      -      |      -      |      -      |      -      |      -      |      -      |      -      |      -      |      -      |      -      |      -      |      -      |      -      |
|  ingress  |   phv15   | 1 (32 bits) |      -      |      -      |      -      |      -      |      -      |      -      |      -      |      -      |      -      |      -      |      -      |      -      |      -      |
|           |           |             |             |             |             |             |             |             |             |             |             |             |             |             |             |
|  ingress  |   phv64   |      -      |      -      |      -      |      -      |      -      |      -      |      -      |      -      |      -      |      -      |      -      |      -      |      -      |  1 (3 bits) |
|  ingress  |   phv65   |  6 (7 bits) |  3 (3 bits) |  3 (3 bits) |  3 (3 bits) |  3 (3 bits) |  3 (3 bits) |  3 (3 bits) |  3 (3 bits) |  3 (3 bits) |  3 (3 bits) |  3 (3 bits) |  3 (3 bits) |  3 (3 bits) |  3 (3 bits) |
|  ingress  |   phv66   |  2 (8 bits) |      -      |      -      |      -      |      -      |      -      |      -      |      -      |      -      |      -      |      -      |      -      |      -      |      -      |
|  ingress  |   phv67   |  2 (8 bits) |      -      |      -      |      -      |      -      |      -      |      -      |      -      |      -      |      -      |      -      |      -      |      -      |      -      |
|  ingress  |   phv68   |  2 (8 bits) |      -      |      -      |      -      |      -      |      -      |      -      |      -      |      -      |      -      |      -      |      -      |      -      |      -      |
|  ingress  |   phv69   |  2 (8 bits) |      -      |      -      |      -      |      -      |      -      |      -      |      -      |      -      |      -      |      -      |      -      |      -      |      -      |
|  ingress  |   phv70   |  3 (7 bits) |      -      |      -      |      -      |      -      |      -      |      -      |      -      |      -      |      -      |      -      |      -      |      -      |      -      |
|  ingress  |   phv71   |  2 (1 bits) |      -      |      -      |      -      |      -      |      -      |      -      |      -      |      -      |      -      |      -      |      -      |      -      |      -      |
|  ingress  |   phv72   |  1 (8 bits) |      -      |      -      |      -      |      -      |      -      |      -      |      -      |      -      |      -      |      -      |      -      |      -      |      -      |
|           |           |             |             |             |             |             |             |             |             |             |             |             |             |             |             |
|  ingress  |   phv128  | 1 (16 bits) | 1 (16 bits) | 1 (16 bits) | 1 (16 bits) | 1 (16 bits) | 1 (16 bits) | 1 (16 bits) | 1 (16 bits) | 1 (16 bits) | 1 (16 bits) | 1 (16 bits) | 1 (16 bits) | 1 (16 bits) | 1 (16 bits) |
|  ingress  |   phv129  | 1 (16 bits) |      -      |      -      |      -      |      -      |      -      |      -      |      -      |      -      |      -      |      -      |      -      |      -      |      -      |
|  ingress  |   phv130  | 1 (16 bits) |      -      |      -      |      -      |      -      |      -      |      -      |      -      |      -      |      -      |      -      |      -      |      -      |      -      |
|  ingress  |   phv131  | 4 (15 bits) |      -      |      -      |      -      |      -      |      -      |      -      |      -      |      -      |      -      |      -      |      -      |      -      |      -      |
|  ingress  |   phv132  | 2 (16 bits) |      -      |      -      |      -      |      -      |      -      |      -      |      -      |      -      |      -      |      -      |      -      |      -      |      -      |
|  ingress  |   phv133  | 2 (16 bits) |      -      |      -      |      -      |      -      |      -      |      -      |      -      |      -      |      -      |      -      |      -      |      -      |      -      |
|  ingress  |   phv134  | 2 (16 bits) |      -      |      -      |      -      |      -      |      -      |      -      |      -      |      -      |      -      |      -      |      -      |      -      |      -      |
|  ingress  |   phv135  | 1 (16 bits) |      -      |      -      |      -      |      -      |      -      |      -      |      -      |      -      |      -      |      -      |      -      |      -      |      -      |
|  ingress  |   phv136  | 1 (14 bits) |      -      |      -      |      -      |      -      |      -      |      -      |      -      |      -      |      -      |      -      |      -      |      -      |      -      |
|  ingress  |   phv137  | 3 (15 bits) |      -      |      -      |      -      |      -      |      -      |      -      |      -      |      -      |      -      |      -      |      -      |      -      |      -      |
|  ingress  |   phv138  | 1 (14 bits) |      -      |      -      |      -      |      -      |      -      |      -      |      -      |      -      |      -      |      -      |      -      |      -      |      -      |
|  ingress  |   phv139  | 1 (16 bits) |      -      |      -      |      -      |      -      |      -      |      -      |      -      |      -      |      -      |      -      |      -      |      -      |      -      |
|  ingress  |   phv140  | 1 (16 bits) |      -      |      -      |      -      |      -      |      -      |      -      |      -      |      -      |      -      |      -      |      -      |      -      |      -      |
|   egress  |   phv144  |  1 (9 bits) |  1 (9 bits) |  1 (9 bits) |  1 (9 bits) |  1 (9 bits) |  1 (9 bits) |  1 (9 bits) |  1 (9 bits) |  1 (9 bits) |  1 (9 bits) |  1 (9 bits) |  1 (9 bits) |  1 (9 bits) |  1 (9 bits) |
|           |           |             |             |             |             |             |             |             |             |             |             |             |             |             |             |
|  ingress  |   phv256  | 3 (32 bits) | 3 (32 bits) | 3 (32 bits) | 3 (32 bits) | 3 (32 bits) | 3 (32 bits) | 3 (32 bits) | 3 (32 bits) | 3 (32 bits) | 3 (32 bits) | 3 (32 bits) | 3 (32 bits) | 3 (32 bits) | 3 (32 bits) |
|  ingress  |   phv257  | 3 (32 bits) | 3 (32 bits) | 3 (32 bits) | 3 (32 bits) | 3 (32 bits) | 3 (32 bits) | 3 (32 bits) | 3 (32 bits) | 3 (32 bits) | 3 (32 bits) | 3 (32 bits) | 3 (32 bits) | 3 (32 bits) | 3 (32 bits) |
|  ingress  |   phv258  | 2 (32 bits) | 2 (32 bits) | 2 (32 bits) | 2 (32 bits) | 2 (32 bits) | 2 (32 bits) | 2 (32 bits) | 2 (32 bits) | 2 (32 bits) | 2 (32 bits) | 2 (32 bits) | 2 (32 bits) | 2 (32 bits) | 2 (32 bits) |
|  ingress  |   phv259  | 2 (32 bits) | 2 (32 bits) | 2 (32 bits) | 2 (32 bits) | 2 (32 bits) | 2 (32 bits) | 2 (32 bits) | 2 (32 bits) | 2 (32 bits) | 2 (32 bits) | 2 (32 bits) | 2 (32 bits) | 2 (32 bits) | 2 (32 bits) |
|           |           |             |             |             |             |             |             |             |             |             |             |             |             |             |             |
|  ingress  |   phv288  |  1 (8 bits) |  1 (8 bits) |  1 (8 bits) |  1 (8 bits) |  1 (8 bits) |  1 (8 bits) |  1 (8 bits) |  1 (8 bits) |  1 (8 bits) |  1 (8 bits) |  1 (8 bits) |  1 (8 bits) |  1 (8 bits) |  1 (8 bits) |
|  ingress  |   phv289  |  1 (8 bits) |  1 (8 bits) |  1 (8 bits) |  1 (8 bits) |  1 (8 bits) |  1 (8 bits) |  1 (8 bits) |  1 (8 bits) |  1 (8 bits) |  1 (8 bits) |  1 (8 bits) |  1 (8 bits) |  1 (8 bits) |  1 (8 bits) |
|  ingress  |   phv290  |  1 (8 bits) |  1 (8 bits) |  1 (8 bits) |  1 (8 bits) |  1 (8 bits) |  1 (8 bits) |  1 (8 bits) |  1 (8 bits) |  1 (8 bits) |  1 (8 bits) |  1 (8 bits) |  1 (8 bits) |  1 (8 bits) |  1 (8 bits) |
|  ingress  |   phv291  |  1 (8 bits) |  1 (8 bits) |  1 (8 bits) |  1 (8 bits) |  1 (8 bits) |  1 (8 bits) |  1 (8 bits) |  1 (8 bits) |  1 (8 bits) |  1 (8 bits) |  1 (8 bits) |  1 (8 bits) |  1 (8 bits) |  1 (8 bits) |
|           |           |             |             |             |             |             |             |             |             |             |             |             |             |             |             |
|  ingress  |   phv320  | 3 (16 bits) | 3 (16 bits) | 3 (16 bits) | 3 (16 bits) | 3 (16 bits) | 3 (16 bits) | 3 (16 bits) | 3 (16 bits) | 3 (16 bits) | 3 (16 bits) | 3 (16 bits) | 3 (16 bits) | 3 (16 bits) | 3 (16 bits) |
|  ingress  |   phv321  | 1 (16 bits) | 1 (16 bits) | 1 (16 bits) | 1 (16 bits) | 1 (16 bits) | 1 (16 bits) | 1 (16 bits) | 1 (16 bits) | 1 (16 bits) | 1 (16 bits) | 1 (16 bits) | 1 (16 bits) | 1 (16 bits) | 1 (16 bits) |
|  ingress  |   phv322  | 1 (16 bits) | 1 (16 bits) | 1 (16 bits) | 1 (16 bits) | 1 (16 bits) | 1 (16 bits) | 1 (16 bits) | 1 (16 bits) | 1 (16 bits) | 1 (16 bits) | 1 (16 bits) | 1 (16 bits) | 1 (16 bits) | 1 (16 bits) |
|  ingress  |   phv323  | 1 (16 bits) |      -      |      -      |      -      |      -      |      -      |      -      |      -      |      -      |      -      |      -      |      -      |      -      |      -      |
|  ingress  |   phv324  | 1 (16 bits) | 1 (16 bits) | 1 (16 bits) | 1 (16 bits) | 1 (16 bits) | 1 (16 bits) | 1 (16 bits) | 1 (16 bits) | 1 (16 bits) | 1 (16 bits) | 1 (16 bits) | 1 (16 bits) | 1 (16 bits) | 1 (16 bits) |
|  ingress  |   phv325  | 1 (16 bits) | 1 (16 bits) | 1 (16 bits) | 1 (16 bits) | 1 (16 bits) | 1 (16 bits) | 1 (16 bits) | 1 (16 bits) | 1 (16 bits) | 1 (16 bits) | 1 (16 bits) | 1 (16 bits) | 1 (16 bits) | 1 (16 bits) |
|  ingress  |   phv326  | 1 (16 bits) | 1 (16 bits) | 1 (16 bits) | 1 (16 bits) | 1 (16 bits) | 1 (16 bits) | 1 (16 bits) | 1 (16 bits) | 1 (16 bits) | 1 (16 bits) | 1 (16 bits) | 1 (16 bits) | 1 (16 bits) | 1 (16 bits) |
------------------------------------------------------------------------------------------------------------------------------------------------------------------------------------------------------------------------------

