Parser Characterization Report:
Number of states on ingress: 19

Number of matches on ingress: 94

Longest path (19 states) on ingress:
    $entry_point
    start
    start_0
    start_0.$split_0
    parse_ip
    parse_udp
    parse_udp_2
    parse_dns_header
    parse_dns_query1
    parse_dns_query2
    parse_dns_query3
    parse_dns_query4
    parse_dns_query5
    parse_dns_answer
    parse_cname
    parse_cname.$ctr_stall
    parse_cname.$split_0
    parse_cname_byte
    parse_cname_byte.$split_0

Average rate: 3.84211 Bps
Min packet size at 100 Gbps: 195 B (122 B payload)
Max data rate for min-sized packets: 36.6 Gbps / 62.6712 MPps

Extractor usage:
+---------------------------+------------+-------+--------+--------+------------------+-------+
|State                      |Match       |8-bit  |16-bit  |32-bit  |Total Extractors  |Other  |
+---------------------------+------------+-------+--------+--------+------------------+-------+
|$entry_point               |*           |0      |3       |0       |3                 |       |
|start                      |0b1*******  |0      |1       |0       |1                 |       |
|-                          |0b0*******  |0      |1       |0       |1                 |       |
|start_0                    |*           |4      |3       |1       |8                 |       |
|start_0.$split_0           |0x0800      |1      |0       |0       |1                 |       |
|-                          |0x****      |1      |0       |0       |1                 |       |
|parse_ip                   |0x11        |2      |2       |4       |8                 |       |
|-                          |0x**        |2      |2       |4       |8                 |       |
|parse_udp                  |0x0035      |1      |2       |1       |4                 |       |
|-                          |0x****      |1      |2       |1       |4                 |       |
|parse_udp_2                |0x0035      |0      |0       |0       |0                 |       |
|-                          |0x****      |0      |0       |0       |0                 |       |
|parse_dns_header           |0b1*******  |0      |1       |0       |1                 |       |
|-                          |0x**        |0      |1       |0       |1                 |       |
|parse_dns_query1           |0x00        |0      |0       |0       |0                 |       |
|-                          |0x01        |1      |0       |0       |1                 |       |
|-                          |0x02        |0      |1       |0       |1                 |       |
|-                          |0x03        |1      |1       |0       |2                 |       |
|-                          |0x04        |0      |0       |1       |1                 |       |
|-                          |0x05        |1      |0       |1       |2                 |       |
|-                          |0x06        |0      |1       |1       |2                 |       |
|-                          |0x07        |1      |1       |1       |3                 |       |
|-                          |0x08        |0      |0       |2       |2                 |       |
|-                          |0x09        |1      |0       |2       |3                 |       |
|-                          |0x0a        |0      |1       |2       |3                 |       |
|-                          |0x0b        |1      |1       |2       |4                 |       |
|-                          |0x0c        |0      |0       |3       |3                 |       |
|-                          |0x0d        |1      |0       |3       |4                 |       |
|-                          |0x0e        |0      |1       |3       |4                 |       |
|-                          |0x0f        |1      |1       |3       |5                 |       |
|-                          |0x**        |0      |0       |0       |0                 |       |
|parse_dns_query2           |0x00        |0      |0       |0       |0                 |       |
|-                          |0x01        |1      |0       |0       |1                 |       |
|-                          |0x02        |0      |1       |0       |1                 |       |
|-                          |0x03        |1      |1       |0       |2                 |       |
|-                          |0x04        |0      |0       |1       |1                 |       |
|-                          |0x05        |1      |0       |1       |2                 |       |
|-                          |0x06        |0      |1       |1       |2                 |       |
|-                          |0x07        |1      |1       |1       |3                 |       |
|-                          |0x08        |0      |0       |2       |2                 |       |
|-                          |0x09        |1      |0       |2       |3                 |       |
|-                          |0x0a        |0      |1       |2       |3                 |       |
|-                          |0x0b        |1      |1       |2       |4                 |       |
|-                          |0x0c        |0      |0       |3       |3                 |       |
|-                          |0x0d        |1      |0       |3       |4                 |       |
|-                          |0x0e        |0      |1       |3       |4                 |       |
|-                          |0x0f        |1      |1       |3       |5                 |       |
|-                          |0x**        |0      |0       |0       |0                 |       |
|parse_dns_query3           |0x00        |0      |0       |0       |0                 |       |
|-                          |0x01        |1      |0       |0       |1                 |       |
|-                          |0x02        |0      |1       |0       |1                 |       |
|-                          |0x03        |1      |1       |0       |2                 |       |
|-                          |0x04        |0      |0       |1       |1                 |       |
|-                          |0x05        |1      |0       |1       |2                 |       |
|-                          |0x06        |0      |1       |1       |2                 |       |
|-                          |0x07        |1      |1       |1       |3                 |       |
|-                          |0x08        |0      |0       |2       |2                 |       |
|-                          |0x09        |1      |0       |2       |3                 |       |
|-                          |0x0a        |0      |1       |2       |3                 |       |
|-                          |0x0b        |1      |1       |2       |4                 |       |
|-                          |0x0c        |0      |0       |3       |3                 |       |
|-                          |0x0d        |1      |0       |3       |4                 |       |
|-                          |0x0e        |0      |1       |3       |4                 |       |
|-                          |0x0f        |1      |1       |3       |5                 |       |
|-                          |0x**        |0      |0       |0       |0                 |       |
|parse_dns_query4           |0x00        |0      |0       |0       |0                 |       |
|-                          |0x01        |1      |0       |0       |1                 |       |
|-                          |0x02        |0      |1       |0       |1                 |       |
|-                          |0x03        |1      |1       |0       |2                 |       |
|-                          |0x04        |0      |0       |1       |1                 |       |
|-                          |0x05        |1      |0       |1       |2                 |       |
|-                          |0x06        |0      |1       |1       |2                 |       |
|-                          |0x07        |1      |1       |1       |3                 |       |
|-                          |0x08        |0      |0       |2       |2                 |       |
|-                          |0x09        |1      |0       |2       |3                 |       |
|-                          |0x0a        |0      |1       |2       |3                 |       |
|-                          |0x0b        |1      |1       |2       |4                 |       |
|-                          |0x0c        |0      |0       |3       |3                 |       |
|-                          |0x0d        |1      |0       |3       |4                 |       |
|-                          |0x0e        |0      |1       |3       |4                 |       |
|-                          |0x0f        |1      |1       |3       |5                 |       |
|-                          |0x**        |0      |0       |0       |0                 |       |
|parse_dns_query5           |0x00        |0      |0       |0       |0                 |       |
|-                          |0x**        |0      |0       |0       |0                 |       |
|parse_dns_answer           |0x0001      |1      |0       |1       |2                 |       |
|-                          |0x0005      |0      |0       |0       |0                 |       |
|-                          |0x****      |0      |0       |0       |0                 |       |
|parse_cname                |*           |0      |0       |0       |0                 |       |
|parse_cname.$ctr_stall     |*           |0      |0       |0       |0                 |       |
|parse_cname.$split_0       |0x1         |0      |0       |0       |0                 |       |
|-                          |0x0         |0      |0       |0       |0                 |       |
|parse_cname_byte           |*           |0      |0       |0       |0                 |       |
|parse_cname_byte.$split_0  |0x1         |0      |0       |0       |0                 |       |
|-                          |0x0         |0      |0       |0       |0                 |       |
+---------------------------+------------+-------+--------+--------+------------------+-------+
Number of states on egress: 1

Number of matches on egress: 1

Longest path (1 states) on egress:
    $entry_point.start

Timing is met for min-sized packet (73 B) running at 100 Gbps

Extractor usage:
+--------------------+-------+-------+--------+--------+------------------+-------+
|State               |Match  |8-bit  |16-bit  |32-bit  |Total Extractors  |Other  |
+--------------------+-------+-------+--------+--------+------------------+-------+
|$entry_point.start  |*      |0      |1       |0       |1                 |       |
+--------------------+-------+-------+--------+--------+------------------+-------+
