Table allocation done 1 time(s)
Number of stages in table allocation: 11
  Number of stages for ingress table allocation: 11
  Number of stages for egress table allocation: 0
Critical path length through the table dependency graph: 10
Number of tables allocated: 33
+-------+---------------------------------+
|Stage  |Table Name                       |
+-------+---------------------------------+
|0      |tbl_netassay_v3l1148             |
|0      |tbl_netassay_v3l1241             |
|1      |SwitchIngress.known_domain_list  |
|2      |SwitchIngress.known_domain_list  |
|1      |tbl_netassay_v3l1241_0           |
|2      |tbl_netassay_v3l1260             |
|3      |SwitchIngress.banned_dns_dst     |
|3      |tbl_netassay_v3l1250             |
|6      |tbl_netassay_v3l1250             |
|3      |tbl_netassay_v3l1260_0           |
|4      |tbl_netassay_v3l1157             |
|5      |tbl_netassay_v3l1159             |
|6      |tbl_netassay_v3l1160             |
|6      |tbl_netassay_v3l1168             |
|6      |tbl_netassay_v3l1191             |
|7      |tbl_netassay_v3l1192             |
|7      |tbl_netassay_v3l1254             |
|7      |tbl_netassay_v3l1172             |
|7      |tbl_netassay_v3l1177             |
|8      |tbl_netassay_v3l1182             |
|8      |cond-21                          |
|8      |tbl_netassay_v3l1202             |
|8      |tbl_netassay_v3l1263             |
|8      |tbl_netassay_v3l1224             |
|8      |tbl_netassay_v3l1225             |
|9      |tbl_netassay_v3l1225             |
|9      |tbl_netassay_v3l1267             |
|9      |tbl_netassay_v3l1211             |
|9      |tbl_netassay_v3l1206             |
|10     |tbl_netassay_v3l1216             |
|10     |tbl_netassay_v3l1235             |
|10     |tbl_netassay_v3l1276             |
|10     |tbl_netassay_v3l1275             |
|0      |cond-16                          |
|0      |cond-26                          |
|7      |cond-27                          |
|8      |cond-28                          |
|9      |cond-29                          |
|10     |cond-30                          |
|4      |cond-17                          |
|6      |cond-18                          |
|7      |cond-19                          |
|8      |cond-20                          |
|8      |cond-22                          |
|9      |cond-23                          |
|10     |cond-24                          |
|10     |cond-25                          |
+-------+---------------------------------+

Table allocation done 2 time(s)
Number of stages in table allocation: 12
  Number of stages for ingress table allocation: 12
  Number of stages for egress table allocation: 0
Critical path length through the table dependency graph: 10
Number of tables allocated: 34
+-------+---------------------------------+
|Stage  |Table Name                       |
+-------+---------------------------------+
|0      |tbl_netassay_v3l1148             |
|0      |tbl_netassay_v3l1241             |
|1      |SwitchIngress.known_domain_list  |
|2      |SwitchIngress.known_domain_list  |
|1      |tbl_netassay_v3l1241_0           |
|2      |tbl_netassay_v3l1260             |
|3      |SwitchIngress.banned_dns_dst     |
|3      |tbl_netassay_v3l1250             |
|6      |tbl_netassay_v3l1250             |
|3      |tbl_netassay_v3l1260_0           |
|4      |tbl_netassay_v3l1157             |
|5      |tbl_netassay_v3l1159             |
|6      |tbl_netassay_v3l1160             |
|6      |tbl_netassay_v3l1168             |
|6      |tbl_netassay_v3l1191             |
|7      |tbl_netassay_v3l1192             |
|7      |tbl_netassay_v3l1254             |
|7      |tbl_netassay_v3l1172             |
|7      |tbl_netassay_v3l1177             |
|8      |tbl_netassay_v3l1182             |
|8      |cond-21                          |
|8      |tbl_netassay_v3l1202             |
|8      |tbl_netassay_v3l1263             |
|8      |tbl_netassay_v3l1224             |
|9      |tbl_netassay_v3l1225             |
|10     |tbl_netassay_v3l1225             |
|9      |tbl_netassay_v3l1267             |
|10     |tbl_netassay_v3l1267             |
|10     |tbl_netassay_v3l1211             |
|10     |tbl_netassay_v3l1206             |
|11     |tbl_netassay_v3l1216             |
|11     |tbl_netassay_v3l1235             |
|11     |tbl_netassay_v3l1276             |
|11     |tbl_netassay_v3l1275             |
|0      |cond-16                          |
|0      |cond-26                          |
|7      |cond-27                          |
|8      |cond-28                          |
|9      |cond-29                          |
|11     |cond-30                          |
|4      |cond-17                          |
|6      |cond-18                          |
|7      |cond-19                          |
|8      |cond-20                          |
|8      |cond-22                          |
|10     |cond-23                          |
|11     |cond-24                          |
|11     |cond-25                          |
+-------+---------------------------------+

